<?xml version="1.0" encoding="UTF-8"?>
<testng-results ignored="0" total="2" passed="2" failed="0" skipped="0">
  <reporter-output>
  </reporter-output>
  <suite started-at="2025-09-26T21:25:47 IST" name="ECommerce" finished-at="2025-09-26T21:26:01 IST" duration-ms="14397">
    <groups>
    </groups>
    <test started-at="2025-09-26T21:25:47 IST" name="ECommerce" finished-at="2025-09-26T21:26:01 IST" duration-ms="14397">
      <class name="tests.LoginTest">
        <test-method is-config="true" signature="setUp()[pri:0, instance:tests.LoginTest@5d7148e2]" started-at="2025-09-26T21:25:47 IST" name="setUp" finished-at="2025-09-26T21:25:53 IST" duration-ms="6037" status="PASS">
          <reporter-output>
          </reporter-output>
        </test-method> <!-- setUp -->
        <test-method signature="validLoginTest()[pri:0, instance:tests.LoginTest@5d7148e2]" started-at="2025-09-26T21:25:53 IST" name="validLoginTest" finished-at="2025-09-26T21:25:57 IST" duration-ms="4292" status="PASS">
          <reporter-output>
          </reporter-output>
        </test-method> <!-- validLoginTest -->
        <test-method is-config="true" signature="tearDown()[pri:0, instance:tests.LoginTest@5d7148e2]" started-at="2025-09-26T21:25:57 IST" name="tearDown" finished-at="2025-09-26T21:25:57 IST" duration-ms="455" status="PASS">
          <reporter-output>
          </reporter-output>
        </test-method> <!-- tearDown -->
      </class> <!-- tests.LoginTest -->
      <class name="tests.AddToCartTest">
        <test-method is-config="true" signature="setUp()[pri:0, instance:tests.AddToCartTest@26e356f0]" started-at="2025-09-26T21:25:57 IST" name="setUp" finished-at="2025-09-26T21:25:59 IST" duration-ms="1677" status="PASS">
          <reporter-output>
          </reporter-output>
        </test-method> <!-- setUp -->
        <test-method signature="addProductToCartTest()[pri:0, instance:tests.AddToCartTest@26e356f0]" started-at="2025-09-26T21:25:59 IST" name="addProductToCartTest" finished-at="2025-09-26T21:26:01 IST" duration-ms="1482" status="PASS">
          <reporter-output>
          </reporter-output>
        </test-method> <!-- addProductToCartTest -->
        <test-method is-config="true" signature="tearDown()[pri:0, instance:tests.AddToCartTest@26e356f0]" started-at="2025-09-26T21:26:01 IST" name="tearDown" finished-at="2025-09-26T21:26:01 IST" duration-ms="379" status="PASS">
          <reporter-output>
          </reporter-output>
        </test-method> <!-- tearDown -->
      </class> <!-- tests.AddToCartTest -->
    </test> <!-- ECommerce -->
  </suite> <!-- ECommerce -->
</testng-results>
